<?xml version="1.0" encoding="UTF-8"?>
<testsuite xmlns:xsi="http://www.w3.org/2001/XMLSchema-instance" xsi:noNamespaceSchemaLocation="https://maven.apache.org/surefire/maven-surefire-plugin/xsd/surefire-test-report.xsd" version="3.0.2" name="com.generator.invoice.InvoiceApplicationTests" time="5.535" tests="1" errors="0" skipped="0" failures="0">
  <properties>
[...]
</properties>
  <testcase name="contextLoads" classname="com.generator.invoice.InvoiceApplicationTests" time="0.77">
    <system-out><![CDATA[16:50:55.984 [main] INFO org.springframework.test.context.support.AnnotationConfigContextLoaderUtils -- Could not detect default configuration classes for test class [com.generator.invoice.InvoiceApplicationTests]: InvoiceApplicationTests does not declare any static, non-private, non-final, nested classes annotated with @Configuration.
16:50:56.089 [main] INFO org.springframework.boot.test.context.SpringBootTestContextBootstrapper -- Found @SpringBootConfiguration com.generator.invoice.InvoiceApplication for test class com.generator.invoice.InvoiceApplicationTests
16:50:56.368 [main] INFO org.springframework.boot.devtools.restart.RestartApplicationListener -- Restart disabled due to context in which it is running

  .   ____          _            __ _ _
 /\\ / ___'_ __ _ _(_)_ __  __ _ \ \ \ \
( ( )\___ | '_ | '_| | '_ \/ _` | \ \ \ \
 \\/  ___)| |_)| | | | | || (_| |  ) ) ) )
  '  |____| .__|_| |_|_| |_\__, | / / / /
 =========|_|==============|___/=/_/_/_/

 :: Spring Boot ::                (v3.4.0)

2024-12-10T16:50:56.760+05:30  INFO 19692 --- [invoice] [           main] c.g.invoice.InvoiceApplicationTests      : Starting InvoiceApplicationTests using Java 17.0.9 with PID 19692 (started by hp in C:\Users\hp\Invoice Genarator\invoice)
2024-12-10T16:50:56.763+05:30  INFO 19692 --- [invoice] [           main] c.g.invoice.InvoiceApplicationTests      : No active profile set, falling back to 1 default profile: "default"
2024-12-10T16:50:57.492+05:30  INFO 19692 --- [invoice] [           main] .s.d.r.c.RepositoryConfigurationDelegate : Bootstrapping Spring Data JPA repositories in DEFAULT mode.
2024-12-10T16:50:57.522+05:30  INFO 19692 --- [invoice] [           main] .s.d.r.c.RepositoryConfigurationDelegate : Finished Spring Data repository scanning in 15 ms. Found 0 JPA repository interfaces.
2024-12-10T16:50:58.090+05:30  INFO 19692 --- [invoice] [           main] o.hibernate.jpa.internal.util.LogHelper  : HHH000204: Processing PersistenceUnitInfo [name: default]
2024-12-10T16:50:58.166+05:30  INFO 19692 --- [invoice] [           main] org.hibernate.Version                    : HHH000412: Hibernate ORM core version 6.6.2.Final
2024-12-10T16:50:58.212+05:30  INFO 19692 --- [invoice] [           main] o.h.c.internal.RegionFactoryInitiator    : HHH000026: Second-level cache disabled
2024-12-10T16:50:58.614+05:30  INFO 19692 --- [invoice] [           main] o.s.o.j.p.SpringPersistenceUnitInfo      : No LoadTimeWeaver setup: ignoring JPA class transformer
2024-12-10T16:50:58.654+05:30  INFO 19692 --- [invoice] [           main] com.zaxxer.hikari.HikariDataSource       : HikariPool-1 - Starting...
2024-12-10T16:50:59.076+05:30  INFO 19692 --- [invoice] [           main] com.zaxxer.hikari.pool.HikariPool        : HikariPool-1 - Added connection com.mysql.cj.jdbc.ConnectionImpl@1be3f8f8
2024-12-10T16:50:59.080+05:30  INFO 19692 --- [invoice] [           main] com.zaxxer.hikari.HikariDataSource       : HikariPool-1 - Start completed.
2024-12-10T16:50:59.133+05:30  WARN 19692 --- [invoice] [           main] org.hibernate.orm.deprecation            : HHH90000025: MySQL8Dialect does not need to be specified explicitly using 'hibernate.dialect' (remove the property setting and it will be selected by default)
2024-12-10T16:50:59.134+05:30  WARN 19692 --- [invoice] [           main] org.hibernate.orm.deprecation            : HHH90000026: MySQL8Dialect has been deprecated; use org.hibernate.dialect.MySQLDialect instead
2024-12-10T16:50:59.161+05:30  INFO 19692 --- [invoice] [           main] org.hibernate.orm.connections.pooling    : HHH10001005: Database info:
	Database JDBC URL [Connecting through datasource 'HikariDataSource (HikariPool-1)']
	Database driver: undefined/unknown
	Database version: 8.0
	Autocommit mode: undefined/unknown
	Isolation level: undefined/unknown
	Minimum pool size: undefined/unknown
	Maximum pool size: undefined/unknown
2024-12-10T16:50:59.553+05:30  INFO 19692 --- [invoice] [           main] o.h.e.t.j.p.i.JtaPlatformInitiator       : HHH000489: No JTA platform available (set 'hibernate.transaction.jta.platform' to enable JTA platform integration)
2024-12-10T16:50:59.560+05:30  INFO 19692 --- [invoice] [           main] j.LocalContainerEntityManagerFactoryBean : Initialized JPA EntityManagerFactory for persistence unit 'default'
2024-12-10T16:50:59.761+05:30  WARN 19692 --- [invoice] [           main] JpaBaseConfiguration$JpaWebConfiguration : spring.jpa.open-in-view is enabled by default. Therefore, database queries may be performed during view rendering. Explicitly configure spring.jpa.open-in-view to disable this warning
2024-12-10T16:51:00.298+05:30  WARN 19692 --- [invoice] [           main] .s.s.UserDetailsServiceAutoConfiguration : 

Using generated security password: aa537eb8-1fb5-4675-8ef3-81fa71d5c096

This generated password is for development use only. Your security configuration must be updated before running your application in production.

2024-12-10T16:51:00.319+05:30  INFO 19692 --- [invoice] [           main] r$InitializeUserDetailsManagerConfigurer : Global AuthenticationManager configured with UserDetailsService bean with name inMemoryUserDetailsManager
2024-12-10T16:51:00.543+05:30  INFO 19692 --- [invoice] [           main] c.g.invoice.InvoiceApplicationTests      : Started InvoiceApplicationTests in 4.196 seconds (process running for 5.411)
]]></system-out>
  </testcase>
</testsuite>